### ISSUE TITLE
Tracing on a branch to itself (V86 JIT behaves oddly with LOOP and CALL, JMP crashes)

### ISSUE THREAD

**Issue by ecm-pushbx** [dosemu2/dosemu2#2196]
**Describe the bug**
When assembling an instruction that branches to itself, then tracing that with the Trace Flag set, dosemu2's V86 JIT machine behaves oddly. Instructions that are affected include `call 100`, `loop 100`, and `jmp 100` when assembled using lDebug or MSDebug at offset 100h within a code segment. Tracing `jmp 100` crashes dosemu2 in V86, both with JIT and with the interpreter.

**To Reproduce**

**Setup and loop**
1. Run dosemu2 with `dosemu -K "$PWD" -E "command" -I "cpu_vm_dpmi native" -I "cpu_vm emulated" -I "cpuemu 0" -t`
2. Run lDebug (or MSDebug, behaviour is largely the same)
3. Enter `a` command to assemble
4. For offset 100h, enter `loop 100`
5. Close the assemble mode
6. (Insure that CX is not equal to 1.)
7. Trace using `t` command

Expected action: CX is decremented by 1, the loop instruction loops to itself, so control flow returns to the debugger with CS:IP -> the loop instruction.

Actual action: CX is decremented all the way (back) to zero, control flow returns to the debugger with CS:IP -> next instruction after the loop (regardless of what CX was before).

**Call**
There is a different case with `call 100`. In this case, assuming SP = FFFEh and SS == CS, dosemu will repeatedly run the call instruction, eventually overflowing the stack and corrupting the currently running instruction. This is what it looks like in lDebug:

```
E:\>ldebugu                                                                     
AFORMAT installed.                                                              
EXTNAME installed.                                                              
-a                                                                              
2ACA:0100 call 100                                                              
          E8FDFF                                                                
2ACA:0103 nop                                                                   
          90                                                                    
2ACA:0104 nop                                                                   
          90                                                                    
2ACA:0105 nop                                                                   
          90                                                                    
2ACA:0106                                                                       
-r                                                                              
AX=0000 BX=0000 CX=0000 DX=0000 SP=FFFE BP=0000 SI=0000 DI=0000                 
DS=2ACA ES=2ACA SS=2ACA CS=2ACA IP=0100 NV UP EI PL ZR NA PE NC                 
2ACA:0100 E8FDFF            call    0100                                        
-t                                                                              
AX=0000 BX=0000 CX=0000 DX=0000 SP=0102 BP=0000 SI=0000 DI=0000                 
DS=2ACA ES=2ACA SS=2ACA CS=2ACA IP=0100 NV UP EI PL ZR NA PE NC                 
2ACA:0100 44                inc     sp                                          
-u 100 l 10                                                                     
2ACA:0100 44                inc     sp                                          
2ACA:0101 3203              xor     al, [bp+di]                                 
2ACA:0103 0103              add     [bp+di], ax                                 
2ACA:0105 0103              add     [bp+di], ax                                 
2ACA:0107 0103              add     [bp+di], ax                                 
2ACA:0109 0103              add     [bp+di], ax                                 
2ACA:010B 0103              add     [bp+di], ax                                 
2ACA:010D 0103              add     [bp+di], ax                                 
2ACA:010F 0103              add     [bp+di], ax                                 
-
```

This is what it looks like in MSDebug:

```
E:\>debug                                                                       
MSDebug release 1 by ecm                                                        
-a                                                                              
07B1:0100 call 100                                                              
07B1:0103 nop                                                                   
07B1:0104 nop                                                                   
07B1:0105 nop                                                                   
07B1:0106                                                                       
-r                                                                              
AX=0000  BX=0000  CX=0000  DX=0000  SP=FFFE  BP=0000  SI=0000  DI=0000          
DS=07B1  ES=07B1  SS=07B1  CS=07B1  IP=0100   NV UP DI PL NZ NA PO NC           
07B1:0100 E8FDFF        CALL    0100                                            
-t                                                                              
                                                                                
AX=0000  BX=0000  CX=0000  DX=0000  SP=0102  BP=0000  SI=0000  DI=0000          
DS=07B1  ES=07B1  SS=07B1  CS=07B1  IP=0100   NV UP DI PL NZ NA PO NC           
07B1:0100 3404          XOR     AL,04                                           
-u 100 l 10                                                                     
07B1:0100 3404          XOR     AL,04                                           
07B1:0102 0301          ADD     AX,[BX+DI]                                      
07B1:0104 0301          ADD     AX,[BX+DI]                                      
07B1:0106 0301          ADD     AX,[BX+DI]                                      
07B1:0108 0301          ADD     AX,[BX+DI]                                      
07B1:010A 0301          ADD     AX,[BX+DI]                                      
07B1:010C 0301          ADD     AX,[BX+DI]                                      
07B1:010E 0301          ADD     AX,[BX+DI]                                      
-
```

I don't know why lDebug and MSDebug end up with different patterns, and particularly the final instructions at CS:IP differ between them.

Running with `dosemu -K "$PWD" -E "command" -I "cpu_vm_dpmi native" -I "cpu_vm emulated" -I "cpuemu 1" -t` (interpreter rather than JIT) fixes the problems with `loop 100` and `call 100`.

**Jump**
There is yet another case: A jump to itself. This causes a dosemu2 crash both with `"cpuemu 0"` and `"cpuemu 1"`.

**Protected Mode (native)**
With `-I "cpu_vm_dpmi native"` all of these instructions work as expected when traced in Protected Mode.

**Attach program/game binaries or provide an URL**
https://pushbx.org/ecm/test/20240418.2/

**Attach the log**
Can create specific logs if requested. For now there are these:

https://pushbx.org/ecm/test/20240418.2/emu0jmp.log - Tracing `jmp 100` with `"cpuemu 0"`

https://pushbx.org/ecm/test/20240418.2/emu1jmp.log - Tracing `jmp 100` with `"cpuemu 1"`

The above two logs reveal that the termination appears to be intentional:

```
About to Execute: command
!Forever loop!
leavedos_main(_JumpGen:301|0) called - shutting down
coopthreads stopped
======================= LEAVE CPU-EMU ===============
```

However, arguably this shouldn't happen when tracing the jump. Moreover, if Enabled Interrupts then an application could legitimately set up an infinite loop if it intends for some interrupt handlers to change the control flow. In the case of lDebug, tracing the `jmp 100` happens with TF=1 and IF=1 so there's doubly so reason to assume this isn't a hang.

I also created a log running as follows: `dosemu -K "$PWD" -E "command" -I "cpu_vm_dpmi native" -I "cpu_vm emulated" -I "cpuemu 0" -D+2e -t` with the input as shown here:

```
Welcome to dosemu2!                                                             
    Build 2.0pre9-dev-20240418-1881-g4320b99d6                                  
                                                                                
FreeCom version 0.85a - GNUC - XMS_Swap [Nov  7 2022 23:57:11]                  
E:\>ldebugu                                                                     
AFORMAT installed.                                                              
EXTNAME installed.                                                              
-a                                                                              
2ACA:0100 loop 100                                                              
          E2FE                                                                  
2ACA:0102 nop                                                                   
          90                                                                    
2ACA:0103                                                                       
-r                                                                              
AX=0000 BX=0000 CX=0000 DX=0000 SP=FFFE BP=0000 SI=0000 DI=0000                 
DS=2ACA ES=2ACA SS=2ACA CS=2ACA IP=0100 NV UP EI PL ZR NA PE NC                 
2ACA:0100 E2FE              loop    0100                                jumping 
-t                                                                              
AX=0000 BX=0000 CX=0000 DX=0000 SP=FFFE BP=0000 SI=0000 DI=0000                 
DS=2ACA ES=2ACA SS=2ACA CS=2ACA IP=0102 NV UP EI PL ZR NA PE NC                 
2ACA:0102 90                nop                                                 
-q                                                                              
E:\>quit
```

The resulting log is bigger than 95 MB however. (If you want, I can upload one of these too.) I extracted a particularly interesting bit using `grep 0002ada0 -C10 ~/.dosemu/boot.log > emu0loop.txt` (The linear address 0002ADA0h corresponds to the debuggee's CS:IP of 2ACAh:0100h.) This is the result:

```
** End code, PC=000088a6 sig=0
Linker: previous node (0x7f875ea08e30:00008844:0x7f8754029358)
		linked to (0x7f875ea08ed0:00008863:0x7f873f924b48)
		jmp eb8fb7bd, target=00008863, t_ref 1=0x7f873f924ae0->0x7f875ea08ed0
SetSeg REAL CS:2aca
IRET: ret=2aca:00000100
Popped flags 00003344 fl=00033200
---------------------------------------------
ProduceCode: CurrIMeta=1
CodeBuf=0x7f875402b7c8 siz 76 CodePtr=0x7f875402b7e0
PGEN(00,00) 116  40003 20 000000e2 0002ada0 0002ada2 00000000 00000000
Size=20 guess=76
---------------------------------------------
MARK from 0002ada0 to 0002ada1 for 0002ada0
MPMAP:   protect page=0002a000 was 0
Linker: node (0x7f875ea08f70:0002ada0:0x7f875402b7e0) SELF link
		jmp fffffff1, target=0002ada0, t_ref 1=0x7f875402b7c8->0x7f875ea08f70
==== Executing code at 0x7f875402b7e0 flg=0004
** End code, PC=0002ada2 sig=0
INTERP: exit=0002ada2 err=1
Cpu2Reg> vm86=000b3290 dpm=00033144 emu=00033344
Cpu2Reg< vm86=000b3344 dpm=00033144 emu=00033344
---------------------
	   EMU86: EXCP 0x1
EMU86: retval=VM86_TRAP
RET_VM86, cs=2aca:0102 ss=2aca:fffe f=000b3344 ret=0x106
DO_VM86,  cs=0434:460e ss=2aca:fff8 f=00033244
```

**A regression?**
Not known.

**dosemu2 origins**
Pulled from git, configured using `./default-configure --prefix=$HOME/local.new --with-fdtarball=dosemu-freedos-1.0-bin.tgz --sysconfdir=$HOME/local.new/etc --disable-fdpp --mandir=$HOME/local.new/share/man --datarootdir=$HOME/local.new/share`

**Additional info**
Using FreeCOM and a recent FreeDOS kernel.

The SELF link message in the long `-D+2e` log originates from this source: https://github.com/dosemu2/dosemu2/blob/4320b99d617ca05196927d41b3581b312e69e019/src/base/emu-i386/simx86/codegen-x86.c#L3013-L3021 It appears that there are other (presumably less pathologic) log entries of this condition, but the `loop 100` instruction seems to reliably produce this message.

I do not understand the JIT process enough to tell how it should handle the Trace Flag being set vs what it does instead.

**Comment by stsp** [comment]
Shouldn't call to itself actually
corrupt the stack?

**Comment by ecm-pushbx** [comment]
Not if you trace it. Expected trace behaviour is to run the call instruction just once, then fire a Trace interrupt (having pushed (E)IP after the instruction once).

**Comment by stsp** [comment]
Trace in jit mode probably doesn't
work well because of the node linker.
Try `USE_LINKER 0` in econfig.h.

**Comment by ecm-pushbx** [comment]
That makes tracing call and loop work, indeed.

**Comment by stsp** [comment]
In that case SIM and JIT became similar?

**Comment by ecm-pushbx** [comment]
Yes, the only problem with JIT `USE_LINKER 0` and with SIM are tracing the `jmp` to itself.

**Comment by ecm-pushbx** [comment]
By the way, I think that tracing repeated string instructions (eg `repne scasb`) has always worked as expected, even in JIT with the linker used. That is, it will execute just a single iteration of the instruction and if it is to repeat then the debugger will get debuggee CS:IP -> at the instruction being repeated. So naively I thought that similar to tracing repeated string insts, tracing call or loop to itself should/could work too.

**Comment by stsp** [comment]
Linker is only involved after jumps.
rep gets jit-compiled to a loop, jmp
is OTOH jit-compiled to return to interp.
But linker would change it to a tight
unchecked loop.
It seems, to get this working right, the
TF check must be jit-compiled to every
instruction?

Where is Bart?

**Comment by stsp** [comment]
In fact, if TF is set, the loop instructions
(like with rep) are simply not jit-compiled
into a loop. They return after every iteration.
I suppose the same trick should be done
with linker: just don't link if TF is set.

Can you do that in `Exec_x86()`?
Also `Exec_x86_fast()` should not be
entered if TF is set. And it sohuld
probably break out if it is.

**Comment by ecm-pushbx** [comment]
You also don't have to check in every instruction because only `iret` and `popf` can **set** TF if it wasn't set yet.

> Can you do that in `Exec_x86()`?

Do you mean me? I'm not sure how to do any of this yet. I could study it more to learn how to, maybe.

**Comment by stsp** [comment]
> `I'm not sure how to do any of this yet. I could study it more to learn how to, maybe.

But you need to look into exactly
2 functions I pointed. They are not
complex. Before they call linker,
just add a TF check, set Ces_TRAP
status and return.

**Comment by ecm-pushbx** [comment]
I don't understand this enough yet. Should I check TF before running any of the JIT code? Or after it but before calling the node linker? What is ePC and what do I set it to if returning before running JIT code?

I tried this but it didn't solve the bug:

```
diff --git a/src/base/emu-i386/simx86/codegen-x86.c b/src/base/emu-i386/simx86/codegen-x86.c
index 5e4c7536d..dde1966d9 100644
--- a/src/base/emu-i386/simx86/codegen-x86.c
+++ b/src/base/emu-i386/simx86/codegen-x86.c
@@ -3480,6 +3480,10 @@ unsigned int Exec_x86(TNode *G)
         * of the preceding node matches the start source address of the
         * following (i.e. no interpreted instructions in between).
         */
+       if (EFLAGS & EFLAGS_TF) {
+               CEmuStat |= CeS_TRAP;
+               return ePC;
+       }
        if (G && G->alive>0) {
                /* check links FROM LastXNode TO current node */
                if (LastXNode && LastXNode->alive > 0)
@@ -3504,6 +3508,10 @@ unsigned int Exec_x86_fast(TNode *G)

        do {
                ePC = Exec_x86_asm(&mem_ref, &flg, ecpu, G->addr);
+               if (EFLAGS & EFLAGS_TF) {
+                       CEmuStat |= CeS_TRAP;
+                       return ePC;
+               }
                if (G->alive > 0) {
                        if (LastXNode->clink.unlinked_jmp_targets &&
                            (LastXNode->clink.t_target == G->key ||
```

**Comment by stsp** [comment]
Yes, something like this.
ePC is simply the next execution address
(CS_BASE+ip).

The task is simple: we already know
that fully disabling linker - helps.
Your patch obviously disables 2 linker
calls. If this is not enough, then the
problem might be with the last linker
call at the line 3282.
What if you simply comment it out?

**Comment by ecm-pushbx** [comment]
Yes, commenting that out seems to fix it. I also added some of the trailing code in Exec_x86_fast now. And in Exec_x86 only set CeS_TRAP if CeS_INHI is not set, otherwise mov to ss will trap immediately instead of inhibiting the trace interrupt. This is what I have now:

```
diff --git a/src/base/emu-i386/simx86/codegen-x86.c b/src/base/emu-i386/simx86/codegen-x86.c
index 5e4c7536d..311942551 100644
--- a/src/base/emu-i386/simx86/codegen-x86.c
+++ b/src/base/emu-i386/simx86/codegen-x86.c
@@ -3279,7 +3279,9 @@ static unsigned int CloseAndExec_x86(unsigned int PC, int mode)
 	G->cs = LONG_CS;
 	G->mode = mode;
 	/* check links INSIDE current node */
-	NodeLinker(G, G);
+	if (0 == (EFLAGS & EFLAGS_TF) ) {
+		NodeLinker(G, G);
+	}
 	return Exec_x86(G);
 }
 
@@ -3480,6 +3482,12 @@ unsigned int Exec_x86(TNode *G)
 	 * of the preceding node matches the start source address of the
 	 * following (i.e. no interpreted instructions in between).
 	 */
+	if (EFLAGS & EFLAGS_TF) {
+		if (0 == (CEmuStat & CeS_INHI) ) {
+			CEmuStat |= CeS_TRAP;
+		}
+		return ePC;
+	}
 	if (G && G->alive>0) {
 		/* check links FROM LastXNode TO current node */
 		if (LastXNode && LastXNode->alive > 0)
@@ -3504,6 +3512,15 @@ unsigned int Exec_x86_fast(TNode *G)
 
 	do {
 		ePC = Exec_x86_asm(&mem_ref, &flg, ecpu, G->addr);
+		if (EFLAGS & EFLAGS_TF) {
+			CEmuStat |= CeS_TRAP;
+			if (TheCPU.sigalrm_pending) {
+				CEmuStat|=CeS_SIGPEND;
+			}
+			Exec_x86_post(flg, mem_ref);
+			TheCPU.sigalrm_pending = 0;
+			return ePC;
+		}
 		if (G->alive > 0) {
 			if (LastXNode->clink.unlinked_jmp_targets &&
 			    (LastXNode->clink.t_target == G->key ||
```

**Comment by stsp** [comment]
Just use `break;` in `Exec_x86_fast()`
to simplify things?

**Comment by ecm-pushbx** [comment]
> Just use `break;` in `Exec_x86_fast()` to simplify things?

That wouldn't check sigalrm_pending

**Comment by stsp** [comment]
Yes, but this is a lower-prio exit status.
It is always checked after CeS_TRAP.
But if you want to have both - remove
existing `break;` and instead change
the `while` condition to include
`CeS_TRAP | CeS_SIGPEND` check.

**Comment by ecm-pushbx** [comment]
> Yes, but this is a lower-prio exit status. It is always checked after CeS_TRAP. But if you want to have both - remove existing `break;` and instead change the `while` condition to include `CeS_TRAP | CeS_SIGPEND` check.

How would that skip the call to the linker?

**Comment by stsp** [comment]
By using `else`. :)

**Comment by ecm-pushbx** [comment]
Okay, here is what I have now:

```
diff --git a/src/base/emu-i386/simx86/codegen-x86.c b/src/base/emu-i386/simx86/codegen-x86.c
index 5e4c7536d..cd4519c7b 100644
--- a/src/base/emu-i386/simx86/codegen-x86.c
+++ b/src/base/emu-i386/simx86/codegen-x86.c
@@ -3279,7 +3279,9 @@ static unsigned int CloseAndExec_x86(unsigned int PC, int mode)
 	G->cs = LONG_CS;
 	G->mode = mode;
 	/* check links INSIDE current node */
-	NodeLinker(G, G);
+	if (0 == (EFLAGS & EFLAGS_TF) ) {
+		NodeLinker(G, G);
+	}
 	return Exec_x86(G);
 }
 
@@ -3480,6 +3482,12 @@ unsigned int Exec_x86(TNode *G)
 	 * of the preceding node matches the start source address of the
 	 * following (i.e. no interpreted instructions in between).
 	 */
+	if (EFLAGS & EFLAGS_TF) {
+		if (0 == (CEmuStat & CeS_INHI) ) {
+			CEmuStat |= CeS_TRAP;
+		}
+		return ePC;
+	}
 	if (G && G->alive>0) {
 		/* check links FROM LastXNode TO current node */
 		if (LastXNode && LastXNode->alive > 0)
@@ -3504,7 +3512,9 @@ unsigned int Exec_x86_fast(TNode *G)
 
 	do {
 		ePC = Exec_x86_asm(&mem_ref, &flg, ecpu, G->addr);
-		if (G->alive > 0) {
+		if (EFLAGS & EFLAGS_TF) {
+			CEmuStat |= CeS_TRAP;
+		} else if (G->alive > 0) {
 			if (LastXNode->clink.unlinked_jmp_targets &&
 			    (LastXNode->clink.t_target == G->key ||
 			     LastXNode->clink.nt_target == G->key))
@@ -3513,9 +3523,9 @@ unsigned int Exec_x86_fast(TNode *G)
 		}
 		if (TheCPU.sigalrm_pending) {
 			CEmuStat|=CeS_SIGPEND;
-			break;
 		}
-	} while (!TheCPU.err && (G=FindTree(ePC)) &&
+	} while (0 == (CEmuStat & (CeS_TRAP | CeS_SIGPEND)) &&
+		 !TheCPU.err && (G=FindTree(ePC)) &&
 		 GoodNode(G, mode) && !(G->flags & (F_FPOP|F_INHI)));
 
 	Exec_x86_post(flg, mem_ref);
```

**Comment by stsp** [comment]
Looks good, so will you make a PR?
Or I can copy/paste, in which case
your authorship is not preserved.

**Comment by ecm-pushbx** [comment]
Go ahead and copy it, making a PR would be more hassle for me. Thanks.

What do you think about the "infinite loop" detection and the arguments about it that I listed?

**Comment by stsp** [comment]
Yes, infinite loop can be permitted
if interrupts are enabled.
Please tell me what line calls leavedos()
when it is detected (the line number
can be found in the log file).

But infinite call looks very ugly and
useless.

**Comment by ecm-pushbx** [comment]
Infinite call (when traced) works as expected with the patch. Infinite jump detection is split across two spots in interp.c:

A comment: https://github.com/dosemu2/dosemu2/blob/27777c6aca95936d33d602cc7febc7d065aa203a/src/base/emu-i386/simx86/interp.c#L178-L184

The check proper: https://github.com/dosemu2/dosemu2/blob/27777c6aca95936d33d602cc7febc7d065aa203a/src/base/emu-i386/simx86/interp.c#L299-L302

**Comment by ecm-pushbx** [comment]
Question: The far jump falls through here. Can this be misdetected as an infinite jump? Can `dsp` be zero in case of a far jump? Or is this intended to also catch infinite far jumps?

https://github.com/dosemu2/dosemu2/blob/27777c6aca95936d33d602cc7febc7d065aa203a/src/base/emu-i386/simx86/interp.c#L292-L299

**Comment by stsp** [comment]
I think it catches infinite far jumps
because dsp seems to be calculated
from full linear addresses, not from
just a jmp arg.

**Comment by ecm-pushbx** [comment]
Answer: It appears that `jmp far 100` also is detected as an infinite jump. (This is using [the new lDebug feature of near-immediate jump target with FAR keyword](https://hg.pushbx.org/ecm/ldebug/rev/a0dc5cd5f0cf), which assembles to an imm:imm jump far 0EAh, compatible to MSDebug.)

**Comment by stsp** [comment]
So should now be fixed.

**Comment by ecm-pushbx** [comment]
If I run this:

```
ldebugu
a
 jmp 100
 .
r f DI
g
```

(In V86 Mode.) Then the infinite loop is no longer detected. I believe you intended for this to be caught.

**Comment by ecm-pushbx** [comment]
There's a worse failure: In lDebug run `install serial timer` to enable breaking on double Control-C via serial. Then run `jmp 100` **with Enabled Interrupts**. The double Control-C to the serial terminal won't return the control flow to the debugger, it appears that no IRQs are delivered any longer.

**Comment by ecm-pushbx** [comment]
> There's a worse failure: In lDebug run `install serial timer` to enable breaking on double Control-C via serial. Then run `jmp 100` **with Enabled Interrupts**. The double Control-C to the serial terminal won't return the control flow to the debugger, it appears that no IRQs are delivered any longer.

In native DPMI Protected Mode the double Control-C works as expected to interrupt the infinite `jmp 100`

**Comment by stsp** [comment]
Should now be fixed.

**Comment by ecm-pushbx** [comment]
> There's a worse failure: In lDebug run `install serial timer` to enable breaking on double Control-C via serial. Then run `jmp 100` **with Enabled Interrupts**. The double Control-C to the serial terminal won't return the control flow to the debugger, it appears that no IRQs are delivered any longer.

Fixed in 63cfc43, thanks!

**Comment by stsp** [comment]
I can check TF only.
Don't want to check "interrupts enabled"
in a more sophisticated way.

**Comment by ecm-pushbx** [comment]
TF certainly should be checked, other than that it's your call.

**Comment by stsp** [comment]
I think we did redundant changes.
I applied the simpler approach.
Can you please re-test?

**Comment by stsp** [comment]
In particular, we didn't follow
https://github.com/dosemu2/dosemu2/issues/2196#issuecomment-2065306732
where I said "Also Exec_x86_fast() should not be
entered if TF is set", but then
quickly forgot about that recommendation.

**Comment by ecm-pushbx** [comment]
Yes, it seems to be all right.
